<?xml version="1.0" encoding="UTF-8"?>
<testsuite name="I as an automation analyst" tests="1" skipped="0" failures="0" errors="0" timestamp="2021-11-12T18:53:44" hostname="DESKTOP-AAPFHQV" time="21.795">
  <properties/>
  <testcase name="the customer wants to enter the form data" classname="I as an automation analyst" time="21.795"/>
  <system-out><![CDATA[]]></system-out>
  <system-err><![CDATA[nov. 12, 2021 1:53:45 P. M. org.openqa.selenium.remote.DesiredCapabilities chrome
INFO: Using `new ChromeOptions()` is preferred to `DesiredCapabilities.chrome()`
Starting ChromeDriver 94.0.4606.41 (333e85df3c9b656b518b5f1add5ff246365b6c24-refs/branch-heads/4606@{#845}) on port 3960
Only local connections are allowed.
Please see https://chromedriver.chromium.org/security-considerations for suggestions on keeping ChromeDriver safe.
ChromeDriver was started successfully.
[1636743229.096][WARNING]: This version of ChromeDriver has not been tested with Chrome version 95.
nov. 12, 2021 1:53:49 P. M. org.openqa.selenium.remote.ProtocolHandshake createSession
INFO: Detected dialect: W3C
]]></system-err>
</testsuite>
